Using pre-set license
Built from '2021.3/china_unity/release' branch; Version is '2021.3.28f1c1 (74d5f3d8a762) revision 7656947'; Using compiler version '192829333'; Build Type 'Release'
OS: 'Windows 10  (10.0.19045) 64bit CoreCountrySpecific' Language: 'zh' Physical Memory: 8030 MB
BatchMode: 1, IsHumanControllingUs: 0, StartBugReporterOnCrash: 0, Is64bit: 1, IsPro: 1

COMMAND LINE ARGUMENTS:
D:\MyXiaZai\unity2021.3.28\unity\Unity 2021.3.28f1c1\Editor\Unity.exe
-adb2
-batchMode
-noUpm
-name
AssetImportWorker0
-projectPath
D:/Work/shushu/shushujile
-logFile
Logs/AssetImportWorker0.log
-srvPort
55727
Successfully changed project path to: D:/Work/shushu/shushujile
D:/Work/shushu/shushujile
[UnityMemory] Configuration Parameters - Can be set up in boot.config
    "memorysetup-bucket-allocator-granularity=16"
    "memorysetup-bucket-allocator-bucket-count=8"
    "memorysetup-bucket-allocator-block-size=33554432"
    "memorysetup-bucket-allocator-block-count=8"
    "memorysetup-main-allocator-block-size=16777216"
    "memorysetup-thread-allocator-block-size=16777216"
    "memorysetup-gfx-main-allocator-block-size=16777216"
    "memorysetup-gfx-thread-allocator-block-size=16777216"
    "memorysetup-cache-allocator-block-size=4194304"
    "memorysetup-typetree-allocator-block-size=2097152"
    "memorysetup-profiler-bucket-allocator-granularity=16"
    "memorysetup-profiler-bucket-allocator-bucket-count=8"
    "memorysetup-profiler-bucket-allocator-block-size=33554432"
    "memorysetup-profiler-bucket-allocator-block-count=8"
    "memorysetup-profiler-allocator-block-size=16777216"
    "memorysetup-profiler-editor-allocator-block-size=1048576"
    "memorysetup-temp-allocator-size-main=16777216"
    "memorysetup-job-temp-allocator-block-size=2097152"
    "memorysetup-job-temp-allocator-block-size-background=1048576"
    "memorysetup-job-temp-allocator-reduction-small-platforms=262144"
    "memorysetup-temp-allocator-size-background-worker=32768"
    "memorysetup-temp-allocator-size-job-worker=262144"
    "memorysetup-temp-allocator-size-preload-manager=33554432"
    "memorysetup-temp-allocator-size-nav-mesh-worker=65536"
    "memorysetup-temp-allocator-size-audio-worker=65536"
    "memorysetup-temp-allocator-size-cloud-worker=32768"
    "memorysetup-temp-allocator-size-gi-baking-worker=262144"
    "memorysetup-temp-allocator-size-gfx=262144"
Player connection [14648] Host "[IP] 192.168.56.1 [Port] 0 [Flags] 2 [Guid] 438560573 [EditorId] 438560573 [Version] 1048832 [Id] WindowsEditor(7,DESKTOP-H2SONU4) [Debug] 1 [PackageName] WindowsEditor [ProjectName] Editor" joined multi-casting on [225.0.0.222:54997]...

Player connection [14648] Host "[IP] 192.168.56.1 [Port] 0 [Flags] 2 [Guid] 438560573 [EditorId] 438560573 [Version] 1048832 [Id] WindowsEditor(7,DESKTOP-H2SONU4) [Debug] 1 [PackageName] WindowsEditor [ProjectName] Editor" joined alternative multi-casting on [225.0.0.222:34997]...

AS: AutoStreaming module initializing.
Refreshing native plugins compatible for Editor in 83.01 ms, found 3 plugins.
Preloading 0 native plugins for Editor in 0.00 ms.
Initialize engine version: 2021.3.28f1c1 (74d5f3d8a762)
[Subsystems] Discovering subsystems at path D:/MyXiaZai/unity2021.3.28/unity/Unity 2021.3.28f1c1/Editor/Data/Resources/UnitySubsystems
[Subsystems] Discovering subsystems at path D:/Work/shushu/shushujile/Assets
GfxDevice: creating device client; threaded=0; jobified=0
Direct3D:
    Version:  Direct3D 11.0 [level 11.1]
    Renderer: NVIDIA GeForce GTX 1650 (ID=0x1f99)
    Vendor:   NVIDIA
    VRAM:     3962 MB
    Driver:   30.0.15.1289
Shader 'FairyGUI/TextMeshPro/Distance Field': fallback shader 'TextMeshPro/Mobile/Distance Field' not found
Initialize mono
Mono path[0] = 'D:/MyXiaZai/unity2021.3.28/unity/Unity 2021.3.28f1c1/Editor/Data/Managed'
Mono path[1] = 'D:/MyXiaZai/unity2021.3.28/unity/Unity 2021.3.28f1c1/Editor/Data/MonoBleedingEdge/lib/mono/unityjit-win32'
Mono config path = 'D:/MyXiaZai/unity2021.3.28/unity/Unity 2021.3.28f1c1/Editor/Data/MonoBleedingEdge/etc'
Using monoOptions --debugger-agent=transport=dt_socket,embedding=1,server=y,suspend=n,address=127.0.0.1:56148
Begin MonoManager ReloadAssembly
Registering precompiled unity dll's ...
Register platform support module: D:/MyXiaZai/unity2021.3.28/unity/Unity 2021.3.28f1c1/Editor/Data/PlaybackEngines/WindowsStandaloneSupport/UnityEditor.WindowsStandalone.Extensions.dll
Registered in 0.008561 seconds.
Native extension for WindowsStandalone target not found
Refreshing native plugins compatible for Editor in 71.41 ms, found 3 plugins.
Preloading 0 native plugins for Editor in 0.00 ms.
Mono: successfully reloaded assembly
- Completed reload, in  0.839 seconds
Domain Reload Profiling:
	ReloadAssembly (840ms)
		BeginReloadAssembly (206ms)
			ExecutionOrderSort (0ms)
			DisableScriptedObjects (0ms)
			BackupInstance (0ms)
			ReleaseScriptingObjects (0ms)
			CreateAndSetChildDomain (1ms)
		EndReloadAssembly (499ms)
			LoadAssemblies (198ms)
			RebuildTransferFunctionScriptingTraits (0ms)
			SetupTypeCache (126ms)
			ReleaseScriptCaches (0ms)
			RebuildScriptCaches (33ms)
			SetupLoadedEditorAssemblies (277ms)
				LogAssemblyErrors (0ms)
				InitializePlatformSupportModulesInManaged (9ms)
				SetLoadedEditorAssemblies (0ms)
				RefreshPlugins (71ms)
				BeforeProcessingInitializeOnLoad (1ms)
				ProcessInitializeOnLoadAttributes (127ms)
				ProcessInitializeOnLoadMethodAttributes (67ms)
				AfterProcessingInitializeOnLoad (0ms)
				EditorAssembliesLoaded (0ms)
			ExecutionOrderSort2 (0ms)
			AwakeInstancesAfterBackupRestoration (0ms)
Platform modules already initialized, skipping
Registering precompiled user dll's ...
Registered in 0.016362 seconds.
Begin MonoManager ReloadAssembly
Symbol file LoadedFromMemory doesn't match image D:\Work\shushu\shushujile\Library\PackageCache\com.unity.visualscripting@1.8.0\Editor\VisualScripting.Core\Dependencies\YamlDotNet\Unity.VisualScripting.YamlDotNet.dll
Symbol file LoadedFromMemory doesn't match image D:\Work\shushu\shushujile\Library\PackageCache\com.unity.visualscripting@1.8.0\Editor\VisualScripting.Core\Dependencies\DotNetZip\Unity.VisualScripting.IonicZip.dll
Native extension for WindowsStandalone target not found
Refreshing native plugins compatible for Editor in 0.47 ms, found 3 plugins.
Preloading 0 native plugins for Editor in 0.00 ms.
Mono: successfully reloaded assembly
- Completed reload, in  1.171 seconds
Domain Reload Profiling:
	ReloadAssembly (1171ms)
		BeginReloadAssembly (183ms)
			ExecutionOrderSort (0ms)
			DisableScriptedObjects (7ms)
			BackupInstance (0ms)
			ReleaseScriptingObjects (0ms)
			CreateAndSetChildDomain (20ms)
		EndReloadAssembly (869ms)
			LoadAssemblies (183ms)
			RebuildTransferFunctionScriptingTraits (0ms)
			SetupTypeCache (286ms)
			ReleaseScriptCaches (1ms)
			RebuildScriptCaches (66ms)
			SetupLoadedEditorAssemblies (342ms)
				LogAssemblyErrors (0ms)
				InitializePlatformSupportModulesInManaged (6ms)
				SetLoadedEditorAssemblies (0ms)
				RefreshPlugins (1ms)
				BeforeProcessingInitializeOnLoad (82ms)
				ProcessInitializeOnLoadAttributes (212ms)
				ProcessInitializeOnLoadMethodAttributes (23ms)
				AfterProcessingInitializeOnLoad (18ms)
				EditorAssembliesLoaded (0ms)
			ExecutionOrderSort2 (0ms)
			AwakeInstancesAfterBackupRestoration (10ms)
Platform modules already initialized, skipping
========================================================================
Worker process is ready to serve import requests
Shader 'FairyGUI/TextMeshPro/Distance Field': fallback shader 'TextMeshPro/Mobile/Distance Field' not found
Launched and connected shader compiler UnityShaderCompiler.exe after 0.08 seconds
Refreshing native plugins compatible for Editor in 0.52 ms, found 3 plugins.
Preloading 0 native plugins for Editor in 0.00 ms.
Unloading 3226 Unused Serialized files (Serialized files now loaded: 0)
Unloading 23 unused Assets / (46.4 KB). Loaded Objects now: 3689.
Memory consumption went from 114.3 MB to 114.2 MB.
Total: 2.877400 ms (FindLiveObjects: 0.263700 ms CreateObjectMapping: 0.185200 ms MarkObjects: 2.319900 ms  DeleteObjects: 0.107700 ms)

AssetImportParameters requested are different than current active one (requested -> active):
  custom:video-decoder-ogg-theora: a1e56fd34408186e4bbccfd4996cb3dc -> 
  custom:container-muxer-webm: aa71ff27fc2769a1b78a27578f13a17b -> 
  custom:container-demuxer-webm: 4f35f7cbe854078d1ac9338744f61a02 -> 
  custom:video-encoder-webm-vp8: eb34c28f22e8b96e1ab97ce403110664 -> 
  custom:CustomObjectIndexerAttribute: bc11b3a6c3213fcdd17b65e7da85e133 -> 
  custom:audio-encoder-webm-vorbis: bf7c407c2cedff20999df2af8eb42d56 -> 
  custom:framework-win-MediaFoundation: 216162199b28c13a410421893ffa2e32 -> 
  custom:container-demuxer-ogg: 62fdf1f143b41e24485cea50d1cbac27 -> 
  custom:video-decoder-webm-vp8: 9c59270c3fd7afecdb556c50c9e8de78 -> 
  custom:audio-decoder-ogg-vorbis: bf7c407c2cedff20999df2af8eb42d56 -> 
========================================================================
Received Import Request.
  Time since last request: 855852.144697 seconds.
  path: Assets/FairyGUI/ReadMe - 5.1.0.txt
  artifactKey: Guid(2b25fe107b6204fd680450b22ba79672) Importer(815301076,1909f56bfc062723c751e8b465ee728b)
Start importing Assets/FairyGUI/ReadMe - 5.1.0.txt using Guid(2b25fe107b6204fd680450b22ba79672) Importer(815301076,1909f56bfc062723c751e8b465ee728b)  -> (artifact id: 'a023f6f86357b8b038d56b14c126cb1e') in 0.044097 seconds 
========================================================================
Received Import Request.
  Time since last request: 3.143650 seconds.
  path: Assets/Scenes/shushu.unity
  artifactKey: Guid(9fc0d4010bbf28b4594072e72b8655ab) Importer(815301076,1909f56bfc062723c751e8b465ee728b)
Start importing Assets/Scenes/shushu.unity using Guid(9fc0d4010bbf28b4594072e72b8655ab) Importer(815301076,1909f56bfc062723c751e8b465ee728b)  -> (artifact id: '3bc7ccfa787dd19afb79b05cbf210101') in 0.002749 seconds 
========================================================================
Received Import Request.
  Time since last request: 1543.840738 seconds.
  path: Assets/AddRes
  artifactKey: Guid(262fb45ac7eef9e478c8363499e2bf70) Importer(815301076,1909f56bfc062723c751e8b465ee728b)
Start importing Assets/AddRes using Guid(262fb45ac7eef9e478c8363499e2bf70) Importer(815301076,1909f56bfc062723c751e8b465ee728b)  -> (artifact id: 'a4157eb5769180db5701887322f7abca') in 0.012564 seconds 
========================================================================
Received Prepare
Registering precompiled user dll's ...
Registered in 0.011730 seconds.
Begin MonoManager ReloadAssembly
Symbol file LoadedFromMemory doesn't match image D:\Work\shushu\shushujile\Library\PackageCache\com.unity.visualscripting@1.8.0\Editor\VisualScripting.Core\Dependencies\YamlDotNet\Unity.VisualScripting.YamlDotNet.dll
Symbol file LoadedFromMemory doesn't match image D:\Work\shushu\shushujile\Library\PackageCache\com.unity.visualscripting@1.8.0\Editor\VisualScripting.Core\Dependencies\DotNetZip\Unity.VisualScripting.IonicZip.dll
Native extension for WindowsStandalone target not found
Refreshing native plugins compatible for Editor in 0.63 ms, found 3 plugins.
Preloading 0 native plugins for Editor in 0.00 ms.
Mono: successfully reloaded assembly
- Completed reload, in  1.173 seconds
Domain Reload Profiling:
	ReloadAssembly (1174ms)
		BeginReloadAssembly (240ms)
			ExecutionOrderSort (0ms)
			DisableScriptedObjects (6ms)
			BackupInstance (0ms)
			ReleaseScriptingObjects (0ms)
			CreateAndSetChildDomain (51ms)
		EndReloadAssembly (813ms)
			LoadAssemblies (165ms)
			RebuildTransferFunctionScriptingTraits (0ms)
			SetupTypeCache (299ms)
			ReleaseScriptCaches (1ms)
			RebuildScriptCaches (38ms)
			SetupLoadedEditorAssemblies (308ms)
				LogAssemblyErrors (0ms)
				InitializePlatformSupportModulesInManaged (5ms)
				SetLoadedEditorAssemblies (1ms)
				RefreshPlugins (1ms)
				BeforeProcessingInitializeOnLoad (74ms)
				ProcessInitializeOnLoadAttributes (187ms)
				ProcessInitializeOnLoadMethodAttributes (20ms)
				AfterProcessingInitializeOnLoad (20ms)
				EditorAssembliesLoaded (0ms)
			ExecutionOrderSort2 (0ms)
			AwakeInstancesAfterBackupRestoration (13ms)
Platform modules already initialized, skipping
Shader 'FairyGUI/TextMeshPro/Distance Field': fallback shader 'TextMeshPro/Mobile/Distance Field' not found
Refreshing native plugins compatible for Editor in 2.82 ms, found 3 plugins.
Preloading 0 native plugins for Editor in 0.00 ms.
Unloading 3216 Unused Serialized files (Serialized files now loaded: 0)
Unloading 16 unused Assets / (21.9 KB). Loaded Objects now: 3695.
Memory consumption went from 114.3 MB to 114.3 MB.
Total: 5.859200 ms (FindLiveObjects: 0.240800 ms CreateObjectMapping: 0.148800 ms MarkObjects: 5.434100 ms  DeleteObjects: 0.034900 ms)

AssetImportParameters requested are different than current active one (requested -> active):
  custom:video-decoder-ogg-theora: a1e56fd34408186e4bbccfd4996cb3dc -> 
  custom:container-muxer-webm: aa71ff27fc2769a1b78a27578f13a17b -> 
  custom:container-demuxer-webm: 4f35f7cbe854078d1ac9338744f61a02 -> 
  custom:video-encoder-webm-vp8: eb34c28f22e8b96e1ab97ce403110664 -> 
  custom:CustomObjectIndexerAttribute: bc11b3a6c3213fcdd17b65e7da85e133 -> 
  custom:audio-encoder-webm-vorbis: bf7c407c2cedff20999df2af8eb42d56 -> 
  custom:framework-win-MediaFoundation: 216162199b28c13a410421893ffa2e32 -> 
  custom:container-demuxer-ogg: 62fdf1f143b41e24485cea50d1cbac27 -> 
  custom:video-decoder-webm-vp8: 9c59270c3fd7afecdb556c50c9e8de78 -> 
  custom:audio-decoder-ogg-vorbis: bf7c407c2cedff20999df2af8eb42d56 -> 
========================================================================
Received Import Request.
  Time since last request: 179.378381 seconds.
  path: Assets/Layer Lab
  artifactKey: Guid(c490b63383cb32d4bbad57a6d64bcbea) Importer(815301076,1909f56bfc062723c751e8b465ee728b)
Start importing Assets/Layer Lab using Guid(c490b63383cb32d4bbad57a6d64bcbea) Importer(815301076,1909f56bfc062723c751e8b465ee728b)  -> (artifact id: '6c7b75a77080b51560c0fb338d75abe9') in 0.019736 seconds 
========================================================================
Received Import Request.
  Time since last request: 5.906818 seconds.
  path: Assets/Layer Lab/GUI-CasualFantasy/Scene/DemoScene.unity
  artifactKey: Guid(862dfad60db784e18b3f86ec58785669) Importer(815301076,1909f56bfc062723c751e8b465ee728b)
Start importing Assets/Layer Lab/GUI-CasualFantasy/Scene/DemoScene.unity using Guid(862dfad60db784e18b3f86ec58785669) Importer(815301076,1909f56bfc062723c751e8b465ee728b)  -> (artifact id: 'ee651d800ce118c1927b73d78733a007') in 0.006590 seconds 
========================================================================
Received Prepare
Registering precompiled user dll's ...
Registered in 0.010171 seconds.
Begin MonoManager ReloadAssembly
Symbol file LoadedFromMemory doesn't match image D:\Work\shushu\shushujile\Library\PackageCache\com.unity.visualscripting@1.8.0\Editor\VisualScripting.Core\Dependencies\YamlDotNet\Unity.VisualScripting.YamlDotNet.dll
Symbol file LoadedFromMemory doesn't match image D:\Work\shushu\shushujile\Library\PackageCache\com.unity.visualscripting@1.8.0\Editor\VisualScripting.Core\Dependencies\DotNetZip\Unity.VisualScripting.IonicZip.dll
Native extension for WindowsStandalone target not found
Refreshing native plugins compatible for Editor in 0.80 ms, found 3 plugins.
Preloading 0 native plugins for Editor in 0.00 ms.
Mono: successfully reloaded assembly
- Completed reload, in  1.489 seconds
Domain Reload Profiling:
	ReloadAssembly (1490ms)
		BeginReloadAssembly (204ms)
			ExecutionOrderSort (0ms)
			DisableScriptedObjects (9ms)
			BackupInstance (0ms)
			ReleaseScriptingObjects (0ms)
			CreateAndSetChildDomain (38ms)
		EndReloadAssembly (1170ms)
			LoadAssemblies (151ms)
			RebuildTransferFunctionScriptingTraits (0ms)
			SetupTypeCache (411ms)
			ReleaseScriptCaches (2ms)
			RebuildScriptCaches (68ms)
			SetupLoadedEditorAssemblies (467ms)
				LogAssemblyErrors (0ms)
				InitializePlatformSupportModulesInManaged (8ms)
				SetLoadedEditorAssemblies (1ms)
				RefreshPlugins (1ms)
				BeforeProcessingInitializeOnLoad (100ms)
				ProcessInitializeOnLoadAttributes (304ms)
				ProcessInitializeOnLoadMethodAttributes (33ms)
				AfterProcessingInitializeOnLoad (20ms)
				EditorAssembliesLoaded (0ms)
			ExecutionOrderSort2 (0ms)
			AwakeInstancesAfterBackupRestoration (13ms)
Platform modules already initialized, skipping
Shader 'FairyGUI/TextMeshPro/Distance Field': fallback shader 'TextMeshPro/Mobile/Distance Field' not found
Refreshing native plugins compatible for Editor in 4.16 ms, found 3 plugins.
Preloading 0 native plugins for Editor in 0.00 ms.
Unloading 3216 Unused Serialized files (Serialized files now loaded: 0)
Unloading 16 unused Assets / (22.0 KB). Loaded Objects now: 3698.
Memory consumption went from 114.3 MB to 114.3 MB.
Total: 5.426100 ms (FindLiveObjects: 1.122000 ms CreateObjectMapping: 0.274900 ms MarkObjects: 3.935900 ms  DeleteObjects: 0.089100 ms)

AssetImportParameters requested are different than current active one (requested -> active):
  custom:video-decoder-ogg-theora: a1e56fd34408186e4bbccfd4996cb3dc -> 
  custom:container-muxer-webm: aa71ff27fc2769a1b78a27578f13a17b -> 
  custom:container-demuxer-webm: 4f35f7cbe854078d1ac9338744f61a02 -> 
  custom:video-encoder-webm-vp8: eb34c28f22e8b96e1ab97ce403110664 -> 
  custom:CustomObjectIndexerAttribute: bc11b3a6c3213fcdd17b65e7da85e133 -> 
  custom:audio-encoder-webm-vorbis: bf7c407c2cedff20999df2af8eb42d56 -> 
  custom:framework-win-MediaFoundation: 216162199b28c13a410421893ffa2e32 -> 
  custom:container-demuxer-ogg: 62fdf1f143b41e24485cea50d1cbac27 -> 
  custom:video-decoder-webm-vp8: 9c59270c3fd7afecdb556c50c9e8de78 -> 
  custom:audio-decoder-ogg-vorbis: bf7c407c2cedff20999df2af8eb42d56 -> 
========================================================================
Received Prepare
Registering precompiled user dll's ...
Registered in 0.016034 seconds.
Begin MonoManager ReloadAssembly
Symbol file LoadedFromMemory doesn't match image D:\Work\shushu\shushujile\Library\PackageCache\com.unity.visualscripting@1.8.0\Editor\VisualScripting.Core\Dependencies\YamlDotNet\Unity.VisualScripting.YamlDotNet.dll
Symbol file LoadedFromMemory doesn't match image D:\Work\shushu\shushujile\Library\PackageCache\com.unity.visualscripting@1.8.0\Editor\VisualScripting.Core\Dependencies\DotNetZip\Unity.VisualScripting.IonicZip.dll
Native extension for WindowsStandalone target not found
Refreshing native plugins compatible for Editor in 1.19 ms, found 3 plugins.
Preloading 0 native plugins for Editor in 0.00 ms.
Mono: successfully reloaded assembly
- Completed reload, in  1.402 seconds
Domain Reload Profiling:
	ReloadAssembly (1403ms)
		BeginReloadAssembly (203ms)
			ExecutionOrderSort (0ms)
			DisableScriptedObjects (6ms)
			BackupInstance (0ms)
			ReleaseScriptingObjects (0ms)
			CreateAndSetChildDomain (45ms)
		EndReloadAssembly (1070ms)
			LoadAssemblies (142ms)
			RebuildTransferFunctionScriptingTraits (0ms)
			SetupTypeCache (317ms)
			ReleaseScriptCaches (2ms)
			RebuildScriptCaches (56ms)
			SetupLoadedEditorAssemblies (473ms)
				LogAssemblyErrors (0ms)
				InitializePlatformSupportModulesInManaged (6ms)
				SetLoadedEditorAssemblies (1ms)
				RefreshPlugins (1ms)
				BeforeProcessingInitializeOnLoad (98ms)
				ProcessInitializeOnLoadAttributes (311ms)
				ProcessInitializeOnLoadMethodAttributes (33ms)
				AfterProcessingInitializeOnLoad (23ms)
				EditorAssembliesLoaded (0ms)
			ExecutionOrderSort2 (0ms)
			AwakeInstancesAfterBackupRestoration (13ms)
Platform modules already initialized, skipping
Refreshing native plugins compatible for Editor in 4.01 ms, found 3 plugins.
Preloading 0 native plugins for Editor in 0.00 ms.
Unloading 3229 Unused Serialized files (Serialized files now loaded: 0)
Unloading 28 unused Assets / (0.6 MB). Loaded Objects now: 3702.
Memory consumption went from 116.6 MB to 116.0 MB.
Total: 5.557700 ms (FindLiveObjects: 0.415700 ms CreateObjectMapping: 0.351000 ms MarkObjects: 3.641000 ms  DeleteObjects: 1.148200 ms)

AssetImportParameters requested are different than current active one (requested -> active):
  custom:video-decoder-ogg-theora: a1e56fd34408186e4bbccfd4996cb3dc -> 
  custom:container-muxer-webm: aa71ff27fc2769a1b78a27578f13a17b -> 
  custom:container-demuxer-webm: 4f35f7cbe854078d1ac9338744f61a02 -> 
  custom:video-encoder-webm-vp8: eb34c28f22e8b96e1ab97ce403110664 -> 
  custom:CustomObjectIndexerAttribute: bc11b3a6c3213fcdd17b65e7da85e133 -> 
  custom:audio-encoder-webm-vorbis: bf7c407c2cedff20999df2af8eb42d56 -> 
  custom:framework-win-MediaFoundation: 216162199b28c13a410421893ffa2e32 -> 
  custom:container-demuxer-ogg: 62fdf1f143b41e24485cea50d1cbac27 -> 
  custom:video-decoder-webm-vp8: 9c59270c3fd7afecdb556c50c9e8de78 -> 
  custom:audio-decoder-ogg-vorbis: bf7c407c2cedff20999df2af8eb42d56 -> 
========================================================================
Received Prepare
Registering precompiled user dll's ...
Registered in 0.011421 seconds.
Begin MonoManager ReloadAssembly
Symbol file LoadedFromMemory doesn't match image D:\Work\shushu\shushujile\Library\PackageCache\com.unity.visualscripting@1.8.0\Editor\VisualScripting.Core\Dependencies\YamlDotNet\Unity.VisualScripting.YamlDotNet.dll
Symbol file LoadedFromMemory doesn't match image D:\Work\shushu\shushujile\Library\PackageCache\com.unity.visualscripting@1.8.0\Editor\VisualScripting.Core\Dependencies\DotNetZip\Unity.VisualScripting.IonicZip.dll
Native extension for WindowsStandalone target not found
Refreshing native plugins compatible for Editor in 1.16 ms, found 3 plugins.
Preloading 0 native plugins for Editor in 0.00 ms.
Mono: successfully reloaded assembly
- Completed reload, in  1.241 seconds
Domain Reload Profiling:
	ReloadAssembly (1242ms)
		BeginReloadAssembly (198ms)
			ExecutionOrderSort (0ms)
			DisableScriptedObjects (6ms)
			BackupInstance (0ms)
			ReleaseScriptingObjects (0ms)
			CreateAndSetChildDomain (39ms)
		EndReloadAssembly (919ms)
			LoadAssemblies (142ms)
			RebuildTransferFunctionScriptingTraits (0ms)
			SetupTypeCache (275ms)
			ReleaseScriptCaches (1ms)
			RebuildScriptCaches (40ms)
			SetupLoadedEditorAssemblies (418ms)
				LogAssemblyErrors (0ms)
				InitializePlatformSupportModulesInManaged (6ms)
				SetLoadedEditorAssemblies (0ms)
				RefreshPlugins (1ms)
				BeforeProcessingInitializeOnLoad (82ms)
				ProcessInitializeOnLoadAttributes (276ms)
				ProcessInitializeOnLoadMethodAttributes (31ms)
				AfterProcessingInitializeOnLoad (21ms)
				EditorAssembliesLoaded (1ms)
			ExecutionOrderSort2 (0ms)
			AwakeInstancesAfterBackupRestoration (13ms)
Platform modules already initialized, skipping
Refreshing native plugins compatible for Editor in 5.01 ms, found 3 plugins.
Preloading 0 native plugins for Editor in 0.00 ms.
Unloading 3228 Unused Serialized files (Serialized files now loaded: 0)
Unloading 28 unused Assets / (0.6 MB). Loaded Objects now: 3705.
Memory consumption went from 116.5 MB to 115.9 MB.
Total: 5.157700 ms (FindLiveObjects: 0.717300 ms CreateObjectMapping: 0.562700 ms MarkObjects: 3.386500 ms  DeleteObjects: 0.487800 ms)

AssetImportParameters requested are different than current active one (requested -> active):
  custom:video-decoder-ogg-theora: a1e56fd34408186e4bbccfd4996cb3dc -> 
  custom:container-muxer-webm: aa71ff27fc2769a1b78a27578f13a17b -> 
  custom:container-demuxer-webm: 4f35f7cbe854078d1ac9338744f61a02 -> 
  custom:video-encoder-webm-vp8: eb34c28f22e8b96e1ab97ce403110664 -> 
  custom:CustomObjectIndexerAttribute: bc11b3a6c3213fcdd17b65e7da85e133 -> 
  custom:audio-encoder-webm-vorbis: bf7c407c2cedff20999df2af8eb42d56 -> 
  custom:framework-win-MediaFoundation: 216162199b28c13a410421893ffa2e32 -> 
  custom:container-demuxer-ogg: 62fdf1f143b41e24485cea50d1cbac27 -> 
  custom:video-decoder-webm-vp8: 9c59270c3fd7afecdb556c50c9e8de78 -> 
  custom:audio-decoder-ogg-vorbis: bf7c407c2cedff20999df2af8eb42d56 -> 
========================================================================
Received Prepare
Registering precompiled user dll's ...
Registered in 0.015436 seconds.
Begin MonoManager ReloadAssembly
Symbol file LoadedFromMemory doesn't match image D:\Work\shushu\shushujile\Library\PackageCache\com.unity.visualscripting@1.8.0\Editor\VisualScripting.Core\Dependencies\YamlDotNet\Unity.VisualScripting.YamlDotNet.dll
Symbol file LoadedFromMemory doesn't match image D:\Work\shushu\shushujile\Library\PackageCache\com.unity.visualscripting@1.8.0\Editor\VisualScripting.Core\Dependencies\DotNetZip\Unity.VisualScripting.IonicZip.dll
Native extension for WindowsStandalone target not found
Refreshing native plugins compatible for Editor in 0.53 ms, found 3 plugins.
Preloading 0 native plugins for Editor in 0.00 ms.
Mono: successfully reloaded assembly
- Completed reload, in  1.277 seconds
Domain Reload Profiling:
	ReloadAssembly (1277ms)
		BeginReloadAssembly (187ms)
			ExecutionOrderSort (0ms)
			DisableScriptedObjects (6ms)
			BackupInstance (0ms)
			ReleaseScriptingObjects (0ms)
			CreateAndSetChildDomain (38ms)
		EndReloadAssembly (971ms)
			LoadAssemblies (147ms)
			RebuildTransferFunctionScriptingTraits (0ms)
			SetupTypeCache (404ms)
			ReleaseScriptCaches (2ms)
			RebuildScriptCaches (66ms)
			SetupLoadedEditorAssemblies (304ms)
				LogAssemblyErrors (0ms)
				InitializePlatformSupportModulesInManaged (5ms)
				SetLoadedEditorAssemblies (0ms)
				RefreshPlugins (1ms)
				BeforeProcessingInitializeOnLoad (70ms)
				ProcessInitializeOnLoadAttributes (193ms)
				ProcessInitializeOnLoadMethodAttributes (19ms)
				AfterProcessingInitializeOnLoad (16ms)
				EditorAssembliesLoaded (0ms)
			ExecutionOrderSort2 (0ms)
			AwakeInstancesAfterBackupRestoration (8ms)
Platform modules already initialized, skipping
Refreshing native plugins compatible for Editor in 2.70 ms, found 3 plugins.
Preloading 0 native plugins for Editor in 0.00 ms.
Unloading 3228 Unused Serialized files (Serialized files now loaded: 0)
Unloading 28 unused Assets / (0.6 MB). Loaded Objects now: 3708.
Memory consumption went from 116.6 MB to 115.9 MB.
Total: 3.659700 ms (FindLiveObjects: 0.247600 ms CreateObjectMapping: 0.153500 ms MarkObjects: 2.965600 ms  DeleteObjects: 0.292200 ms)

AssetImportParameters requested are different than current active one (requested -> active):
  custom:video-decoder-ogg-theora: a1e56fd34408186e4bbccfd4996cb3dc -> 
  custom:container-muxer-webm: aa71ff27fc2769a1b78a27578f13a17b -> 
  custom:container-demuxer-webm: 4f35f7cbe854078d1ac9338744f61a02 -> 
  custom:video-encoder-webm-vp8: eb34c28f22e8b96e1ab97ce403110664 -> 
  custom:CustomObjectIndexerAttribute: bc11b3a6c3213fcdd17b65e7da85e133 -> 
  custom:audio-encoder-webm-vorbis: bf7c407c2cedff20999df2af8eb42d56 -> 
  custom:framework-win-MediaFoundation: 216162199b28c13a410421893ffa2e32 -> 
  custom:container-demuxer-ogg: 62fdf1f143b41e24485cea50d1cbac27 -> 
  custom:video-decoder-webm-vp8: 9c59270c3fd7afecdb556c50c9e8de78 -> 
  custom:audio-decoder-ogg-vorbis: bf7c407c2cedff20999df2af8eb42d56 -> 
========================================================================
Received Import Request.
  Time since last request: 131.653410 seconds.
  path: Assets/AddRes/Layer Lab/GUI-CasualFantasy/+README+
  artifactKey: Guid(cc42cd662cf7640889ce69969daa6e5a) Importer(815301076,1909f56bfc062723c751e8b465ee728b)
Start importing Assets/AddRes/Layer Lab/GUI-CasualFantasy/+README+ using Guid(cc42cd662cf7640889ce69969daa6e5a) Importer(815301076,1909f56bfc062723c751e8b465ee728b)  -> (artifact id: 'e015802a79fbd6276db30bacfb5380eb') in 0.008992 seconds 
========================================================================
Received Import Request.
  Time since last request: 3.512369 seconds.
  path: Assets/AddRes/Layer Lab/GUI-CasualFantasy/Preview
  artifactKey: Guid(7f423ef6c81094526b95600b458228c7) Importer(815301076,1909f56bfc062723c751e8b465ee728b)
Start importing Assets/AddRes/Layer Lab/GUI-CasualFantasy/Preview using Guid(7f423ef6c81094526b95600b458228c7) Importer(815301076,1909f56bfc062723c751e8b465ee728b)  -> (artifact id: 'eec304087e2f99f57ad095ea95690b94') in 0.002624 seconds 
========================================================================
Received Import Request.
  Time since last request: 2.267346 seconds.
  path: Assets/AddRes/Layer Lab/GUI-CasualFantasy/Preview/04_Equipment.png
  artifactKey: Guid(3221d0b6272b9416aa1a128e17aa1b54) Importer(815301076,1909f56bfc062723c751e8b465ee728b)
Start importing Assets/AddRes/Layer Lab/GUI-CasualFantasy/Preview/04_Equipment.png using Guid(3221d0b6272b9416aa1a128e17aa1b54) Importer(815301076,1909f56bfc062723c751e8b465ee728b)  -> (artifact id: '0907214ee0573a3b2b275eef6bea687c') in 0.293667 seconds 
========================================================================
Received Import Request.
  Time since last request: 3.370594 seconds.
  path: Assets/AddRes/Layer Lab/GUI-CasualFantasy/Preview/00_Lobby_Tutorial_Message.png
  artifactKey: Guid(85ba31cf61dfc4524a3d5ef2f25fa283) Importer(815301076,1909f56bfc062723c751e8b465ee728b)
Start importing Assets/AddRes/Layer Lab/GUI-CasualFantasy/Preview/00_Lobby_Tutorial_Message.png using Guid(85ba31cf61dfc4524a3d5ef2f25fa283) Importer(815301076,1909f56bfc062723c751e8b465ee728b)  -> (artifact id: 'c840a8c86e0378c324bea46715be24dc') in 0.111654 seconds 
========================================================================
Received Import Request.
  Time since last request: 20.148299 seconds.
  path: Assets/AddRes/Layer Lab/GUI-CasualFantasy/ResourcesData/Sprites/Components/Button/Button01_Demo_Orange.png
  artifactKey: Guid(47308b7d8e9db4c86b65cc80d5876c01) Importer(815301076,1909f56bfc062723c751e8b465ee728b)
Start importing Assets/AddRes/Layer Lab/GUI-CasualFantasy/ResourcesData/Sprites/Components/Button/Button01_Demo_Orange.png using Guid(47308b7d8e9db4c86b65cc80d5876c01) Importer(815301076,1909f56bfc062723c751e8b465ee728b)  -> (artifact id: '863d2fb268c3543e51af543451c93f61') in 0.015190 seconds 
========================================================================
Received Import Request.
  Time since last request: 0.916550 seconds.
  path: Assets/AddRes/Layer Lab/GUI-CasualFantasy/ResourcesData/Sprites/Components/Button/Button01_Demo_Magenta.png
  artifactKey: Guid(a150c7f6a7756463eb5c3ee08275dc9c) Importer(815301076,1909f56bfc062723c751e8b465ee728b)
Start importing Assets/AddRes/Layer Lab/GUI-CasualFantasy/ResourcesData/Sprites/Components/Button/Button01_Demo_Magenta.png using Guid(a150c7f6a7756463eb5c3ee08275dc9c) Importer(815301076,1909f56bfc062723c751e8b465ee728b)  -> (artifact id: 'e8594656e016b92c404fa7abd9780a28') in 0.010865 seconds 
========================================================================
Received Import Request.
  Time since last request: 0.405897 seconds.
  path: Assets/AddRes/Layer Lab/GUI-CasualFantasy/ResourcesData/Sprites/Components/Button/Button01_Demo_Green.png
  artifactKey: Guid(f74bbba66d0744084adb24b46b885722) Importer(815301076,1909f56bfc062723c751e8b465ee728b)
Start importing Assets/AddRes/Layer Lab/GUI-CasualFantasy/ResourcesData/Sprites/Components/Button/Button01_Demo_Green.png using Guid(f74bbba66d0744084adb24b46b885722) Importer(815301076,1909f56bfc062723c751e8b465ee728b)  -> (artifact id: 'f9d8ff61f1827a9a727d7197ebfc4e48') in 0.011189 seconds 
========================================================================
Received Import Request.
  Time since last request: 3.487157 seconds.
  path: Assets/AddRes/Layer Lab/GUI-CasualFantasy/ResourcesData/Sprites/Components/Frame/BasicFrame_CircleOutline01_Demo_Gray.png
  artifactKey: Guid(fdb8d6a0cb191473a90fa04c8407fcd7) Importer(815301076,1909f56bfc062723c751e8b465ee728b)
Start importing Assets/AddRes/Layer Lab/GUI-CasualFantasy/ResourcesData/Sprites/Components/Frame/BasicFrame_CircleOutline01_Demo_Gray.png using Guid(fdb8d6a0cb191473a90fa04c8407fcd7) Importer(815301076,1909f56bfc062723c751e8b465ee728b)  -> (artifact id: '3ed4df59f1680b4108f87756a9250bdb') in 0.010329 seconds 
========================================================================
Received Import Request.
  Time since last request: 0.410357 seconds.
  path: Assets/AddRes/Layer Lab/GUI-CasualFantasy/ResourcesData/Sprites/Components/Frame/_BasicFrame_SquareOutline02_Demo02 1.png
  artifactKey: Guid(cb8c5161a1b944f649d17525387b6df0) Importer(815301076,1909f56bfc062723c751e8b465ee728b)
Start importing Assets/AddRes/Layer Lab/GUI-CasualFantasy/ResourcesData/Sprites/Components/Frame/_BasicFrame_SquareOutline02_Demo02 1.png using Guid(cb8c5161a1b944f649d17525387b6df0) Importer(815301076,1909f56bfc062723c751e8b465ee728b)  -> (artifact id: 'cae7c09cdcc1baa9eaaaa3e20bf2d35c') in 0.011223 seconds 
========================================================================
Received Import Request.
  Time since last request: 0.435954 seconds.
  path: Assets/AddRes/Layer Lab/GUI-CasualFantasy/ResourcesData/Sprites/Components/Frame/BasicFrame_CircleOutline02_Demo.png
  artifactKey: Guid(90ad77f86d3f340988ade060dbf09fac) Importer(815301076,1909f56bfc062723c751e8b465ee728b)
Start importing Assets/AddRes/Layer Lab/GUI-CasualFantasy/ResourcesData/Sprites/Components/Frame/BasicFrame_CircleOutline02_Demo.png using Guid(90ad77f86d3f340988ade060dbf09fac) Importer(815301076,1909f56bfc062723c751e8b465ee728b)  -> (artifact id: '039a89bfde11fbc3677985d0ad24583e') in 0.010554 seconds 
========================================================================
Received Import Request.
  Time since last request: 0.330451 seconds.
  path: Assets/AddRes/Layer Lab/GUI-CasualFantasy/ResourcesData/Sprites/Components/Frame/BasicFrame_Octagon01_Demo.Png
  artifactKey: Guid(a0c13c6d7e2a04ae796db88e60bd0923) Importer(815301076,1909f56bfc062723c751e8b465ee728b)
Start importing Assets/AddRes/Layer Lab/GUI-CasualFantasy/ResourcesData/Sprites/Components/Frame/BasicFrame_Octagon01_Demo.Png using Guid(a0c13c6d7e2a04ae796db88e60bd0923) Importer(815301076,1909f56bfc062723c751e8b465ee728b)  -> (artifact id: '27fc3e51d0a148ee64a62fdb20ea9dd2') in 0.018161 seconds 
========================================================================
Received Import Request.
  Time since last request: 4.768304 seconds.
  path: Assets/AddRes/Layer Lab/GUI-CasualFantasy/ResourcesData/Sprites/Components/Icon_Flag/Icon_Flag_Chn.Png
  artifactKey: Guid(6ac21c26373c745cfa90111df5b1ebc5) Importer(815301076,1909f56bfc062723c751e8b465ee728b)
Start importing Assets/AddRes/Layer Lab/GUI-CasualFantasy/ResourcesData/Sprites/Components/Icon_Flag/Icon_Flag_Chn.Png using Guid(6ac21c26373c745cfa90111df5b1ebc5) Importer(815301076,1909f56bfc062723c751e8b465ee728b)  -> (artifact id: 'a95f260c22063149897467957a7826ee') in 0.008133 seconds 
========================================================================
Received Import Request.
  Time since last request: 0.518839 seconds.
  path: Assets/AddRes/Layer Lab/GUI-CasualFantasy/ResourcesData/Sprites/Components/Icon_Flag/Icon_Flag_Deu.Png
  artifactKey: Guid(ee95df35a50734d5c9c5d8c49a88ed05) Importer(815301076,1909f56bfc062723c751e8b465ee728b)
Start importing Assets/AddRes/Layer Lab/GUI-CasualFantasy/ResourcesData/Sprites/Components/Icon_Flag/Icon_Flag_Deu.Png using Guid(ee95df35a50734d5c9c5d8c49a88ed05) Importer(815301076,1909f56bfc062723c751e8b465ee728b)  -> (artifact id: '643564e16480208d815f15f9c6fac362') in 0.009299 seconds 
========================================================================
Received Import Request.
  Time since last request: 0.403876 seconds.
  path: Assets/AddRes/Layer Lab/GUI-CasualFantasy/ResourcesData/Sprites/Components/Icon_Flag/Icon_Flag_Gre.Png
  artifactKey: Guid(012f1f3042b8f4c0ebbf134e87c6f488) Importer(815301076,1909f56bfc062723c751e8b465ee728b)
Start importing Assets/AddRes/Layer Lab/GUI-CasualFantasy/ResourcesData/Sprites/Components/Icon_Flag/Icon_Flag_Gre.Png using Guid(012f1f3042b8f4c0ebbf134e87c6f488) Importer(815301076,1909f56bfc062723c751e8b465ee728b)  -> (artifact id: '27c6c8fdb32136cea2b38bfc429e2c98') in 0.009193 seconds 
========================================================================
Received Import Request.
  Time since last request: 0.373177 seconds.
  path: Assets/AddRes/Layer Lab/GUI-CasualFantasy/ResourcesData/Sprites/Components/Icon_Flag/Icon_Flag_Jpn.Png
  artifactKey: Guid(a5662b968e26f4d49af8911b56a9cbbc) Importer(815301076,1909f56bfc062723c751e8b465ee728b)
Start importing Assets/AddRes/Layer Lab/GUI-CasualFantasy/ResourcesData/Sprites/Components/Icon_Flag/Icon_Flag_Jpn.Png using Guid(a5662b968e26f4d49af8911b56a9cbbc) Importer(815301076,1909f56bfc062723c751e8b465ee728b)  -> (artifact id: '6d191aa07e8e975134ea16417bc0fa6a') in 0.008776 seconds 
========================================================================
Received Import Request.
  Time since last request: 4.821983 seconds.
  path: Assets/AddRes/Layer Lab/GUI-CasualFantasy/ResourcesData/Sprites/Components/Icon_ItemIcons/128/ItemIcon_Book01_Red.png
  artifactKey: Guid(32de68b3a0bfd4e1eb66c1de8543883a) Importer(815301076,1909f56bfc062723c751e8b465ee728b)
Start importing Assets/AddRes/Layer Lab/GUI-CasualFantasy/ResourcesData/Sprites/Components/Icon_ItemIcons/128/ItemIcon_Book01_Red.png using Guid(32de68b3a0bfd4e1eb66c1de8543883a) Importer(815301076,1909f56bfc062723c751e8b465ee728b)  -> (artifact id: '6eb24952e62a76eeef348c5077aec00e') in 0.010739 seconds 
========================================================================
Received Import Request.
  Time since last request: 2.747166 seconds.
  path: Assets/AddRes/Layer Lab/GUI-CasualFantasy/ResourcesData/Sprites/Components/Icon_ItemIcons/256/ItemIcon_Gem_Pentagon_Gray.Png
  artifactKey: Guid(e23ec0524810f462b9718a2cd158ea87) Importer(815301076,1909f56bfc062723c751e8b465ee728b)
Start importing Assets/AddRes/Layer Lab/GUI-CasualFantasy/ResourcesData/Sprites/Components/Icon_ItemIcons/256/ItemIcon_Gem_Pentagon_Gray.Png using Guid(e23ec0524810f462b9718a2cd158ea87) Importer(815301076,1909f56bfc062723c751e8b465ee728b)  -> (artifact id: '05138fb6882bb96dd3a89bc74e8ecd9c') in 0.016228 seconds 
========================================================================
Received Import Request.
  Time since last request: 2.966794 seconds.
  path: Assets/AddRes/Layer Lab/GUI-CasualFantasy/ResourcesData/Sprites/Components/Icon_ItemIcons/512/ItemIcon_Book02_Brown.png
  artifactKey: Guid(9069d00d887b3493786ad0c2f526ca78) Importer(815301076,1909f56bfc062723c751e8b465ee728b)
Start importing Assets/AddRes/Layer Lab/GUI-CasualFantasy/ResourcesData/Sprites/Components/Icon_ItemIcons/512/ItemIcon_Book02_Brown.png using Guid(9069d00d887b3493786ad0c2f526ca78) Importer(815301076,1909f56bfc062723c751e8b465ee728b)  -> (artifact id: '0b84c1ee024c3958dff79ac5631da1b7') in 0.023725 seconds 
========================================================================
Received Import Request.
  Time since last request: 51.273820 seconds.
  path: Assets/AddRes/Layer Lab/GUI-CasualFantasy/ResourcesData/Sprites/Demo
  artifactKey: Guid(939eb5a1eb44c42fea8e0e6dc7670f99) Importer(815301076,1909f56bfc062723c751e8b465ee728b)
Start importing Assets/AddRes/Layer Lab/GUI-CasualFantasy/ResourcesData/Sprites/Demo using Guid(939eb5a1eb44c42fea8e0e6dc7670f99) Importer(815301076,1909f56bfc062723c751e8b465ee728b)  -> (artifact id: '807efbd6f5782d8fd2a8c9d5d4d3f8d6') in 0.002405 seconds 
========================================================================
Received Import Request.
  Time since last request: 2.274817 seconds.
  path: Assets/AddRes/Layer Lab/GUI-CasualFantasy/ResourcesData/Sprites/Components/Button
  artifactKey: Guid(9e80d3d78d7f849829ff7da6cd831bcd) Importer(815301076,1909f56bfc062723c751e8b465ee728b)
Start importing Assets/AddRes/Layer Lab/GUI-CasualFantasy/ResourcesData/Sprites/Components/Button using Guid(9e80d3d78d7f849829ff7da6cd831bcd) Importer(815301076,1909f56bfc062723c751e8b465ee728b)  -> (artifact id: 'fdc6c7f52adba518e812f4f92c0b2cf6') in 0.002081 seconds 
========================================================================
Received Import Request.
  Time since last request: 2.775457 seconds.
  path: Assets/AddRes/Layer Lab/GUI-CasualFantasy/ResourcesData/Sprites/Components
  artifactKey: Guid(28527ca62fd9e4418b28eba1088f98e7) Importer(815301076,1909f56bfc062723c751e8b465ee728b)
Start importing Assets/AddRes/Layer Lab/GUI-CasualFantasy/ResourcesData/Sprites/Components using Guid(28527ca62fd9e4418b28eba1088f98e7) Importer(815301076,1909f56bfc062723c751e8b465ee728b)  -> (artifact id: '73c09ea0cc506b7ad861cfb421dfe072') in 0.002453 seconds 
========================================================================
Received Import Request.
  Time since last request: 39.774341 seconds.
  path: Assets/AddRes/Layer Lab/GUI-CasualFantasy/ResourcesData/Sprites/Demo/Demo_Background/Background01.png
  artifactKey: Guid(1fbffd8523def458fbd10e3bb57949c9) Importer(815301076,1909f56bfc062723c751e8b465ee728b)
Start importing Assets/AddRes/Layer Lab/GUI-CasualFantasy/ResourcesData/Sprites/Demo/Demo_Background/Background01.png using Guid(1fbffd8523def458fbd10e3bb57949c9) Importer(815301076,1909f56bfc062723c751e8b465ee728b)  -> (artifact id: '53899fee3a5012cb16466ea16beaaf59') in 0.097610 seconds 
========================================================================
Received Import Request.
  Time since last request: 1.616744 seconds.
  path: Assets/AddRes/Layer Lab/GUI-CasualFantasy/ResourcesData/Sprites/Demo/Demo_Background/Background_CenterDeco.png
  artifactKey: Guid(f58d44d9c55ea4abc993c726a9ecb2d2) Importer(815301076,1909f56bfc062723c751e8b465ee728b)
Start importing Assets/AddRes/Layer Lab/GUI-CasualFantasy/ResourcesData/Sprites/Demo/Demo_Background/Background_CenterDeco.png using Guid(f58d44d9c55ea4abc993c726a9ecb2d2) Importer(815301076,1909f56bfc062723c751e8b465ee728b)  -> (artifact id: '09ab50f77242321d63f08a02fbd6f495') in 0.015276 seconds 
========================================================================
Received Import Request.
  Time since last request: 0.621951 seconds.
  path: Assets/AddRes/Layer Lab/GUI-CasualFantasy/ResourcesData/Sprites/Demo/Demo_Background/Panel_Dimed.png
  artifactKey: Guid(f32c44861593941a3aec199f82fd60b1) Importer(815301076,1909f56bfc062723c751e8b465ee728b)
Start importing Assets/AddRes/Layer Lab/GUI-CasualFantasy/ResourcesData/Sprites/Demo/Demo_Background/Panel_Dimed.png using Guid(f32c44861593941a3aec199f82fd60b1) Importer(815301076,1909f56bfc062723c751e8b465ee728b)  -> (artifact id: '27a3cc8520a379a8d55cc3e400803864') in 0.010283 seconds 
========================================================================
Received Import Request.
  Time since last request: 0.536523 seconds.
  path: Assets/AddRes/Layer Lab/GUI-CasualFantasy/ResourcesData/Sprites/Demo/Demo_Background/Pattern_512.png
  artifactKey: Guid(8659e800b81844e6fa3bec2f51ad8bb9) Importer(815301076,1909f56bfc062723c751e8b465ee728b)
Start importing Assets/AddRes/Layer Lab/GUI-CasualFantasy/ResourcesData/Sprites/Demo/Demo_Background/Pattern_512.png using Guid(8659e800b81844e6fa3bec2f51ad8bb9) Importer(815301076,1909f56bfc062723c751e8b465ee728b)  -> (artifact id: 'ff8ec2ec1abae32fa2200a1a642c5d52') in 0.020456 seconds 
========================================================================
Received Import Request.
  Time since last request: 0.720238 seconds.
  path: Assets/AddRes/Layer Lab/GUI-CasualFantasy/ResourcesData/Sprites/Demo/Demo_Background/Pattern_1024.png
  artifactKey: Guid(bda58cc25380c4f2db870fe3b3fd2c1e) Importer(815301076,1909f56bfc062723c751e8b465ee728b)
Start importing Assets/AddRes/Layer Lab/GUI-CasualFantasy/ResourcesData/Sprites/Demo/Demo_Background/Pattern_1024.png using Guid(bda58cc25380c4f2db870fe3b3fd2c1e) Importer(815301076,1909f56bfc062723c751e8b465ee728b)  -> (artifact id: '96deac8de57f9af67d262fc8ac747fbc') in 0.057657 seconds 
========================================================================
Received Import Request.
  Time since last request: 459.405531 seconds.
  path: Assets/AddRes/Layer Lab/GUI-CasualFantasy/ResourcesData/Sprites/Demo/Demo_Character/SampleCharacter_Archer.png
  artifactKey: Guid(b3eea32e56c034e73a8f2aeb84e0462e) Importer(815301076,1909f56bfc062723c751e8b465ee728b)
Start importing Assets/AddRes/Layer Lab/GUI-CasualFantasy/ResourcesData/Sprites/Demo/Demo_Character/SampleCharacter_Archer.png using Guid(b3eea32e56c034e73a8f2aeb84e0462e) Importer(815301076,1909f56bfc062723c751e8b465ee728b)  -> (artifact id: 'e9adc44de552909376f9ca11ac2bc178') in 0.025324 seconds 
========================================================================
Received Import Request.
  Time since last request: 0.651180 seconds.
  path: Assets/AddRes/Layer Lab/GUI-CasualFantasy/ResourcesData/Sprites/Demo/Demo_Character/SampleCharacter_Archer_l.png
  artifactKey: Guid(766dc87da77ab432194e6f6083002164) Importer(815301076,1909f56bfc062723c751e8b465ee728b)
Start importing Assets/AddRes/Layer Lab/GUI-CasualFantasy/ResourcesData/Sprites/Demo/Demo_Character/SampleCharacter_Archer_l.png using Guid(766dc87da77ab432194e6f6083002164) Importer(815301076,1909f56bfc062723c751e8b465ee728b)  -> (artifact id: '71a2bc19ffc8135bf31c68afe695b929') in 0.038257 seconds 
========================================================================
Received Import Request.
  Time since last request: 1.034785 seconds.
  path: Assets/AddRes/Layer Lab/GUI-CasualFantasy/ResourcesData/Sprites/Demo/Demo_Character/SampleCharacter_Knight01.png
  artifactKey: Guid(049d1403ca0954c6e8c805419a41f803) Importer(815301076,1909f56bfc062723c751e8b465ee728b)
Start importing Assets/AddRes/Layer Lab/GUI-CasualFantasy/ResourcesData/Sprites/Demo/Demo_Character/SampleCharacter_Knight01.png using Guid(049d1403ca0954c6e8c805419a41f803) Importer(815301076,1909f56bfc062723c751e8b465ee728b)  -> (artifact id: '437497d9602c2440a501cfcbbf343983') in 0.021127 seconds 
========================================================================
Received Import Request.
  Time since last request: 0.592773 seconds.
  path: Assets/AddRes/Layer Lab/GUI-CasualFantasy/ResourcesData/Sprites/Demo/Demo_Character/SampleCharacter_Bard.png
  artifactKey: Guid(570d4d98fb522499bb37d3e66815a325) Importer(815301076,1909f56bfc062723c751e8b465ee728b)
Start importing Assets/AddRes/Layer Lab/GUI-CasualFantasy/ResourcesData/Sprites/Demo/Demo_Character/SampleCharacter_Bard.png using Guid(570d4d98fb522499bb37d3e66815a325) Importer(815301076,1909f56bfc062723c751e8b465ee728b)  -> (artifact id: '4695a1e4a8bb71b6e15163e752aee2cd') in 0.021804 seconds 
========================================================================
Received Import Request.
  Time since last request: 0.377740 seconds.
  path: Assets/AddRes/Layer Lab/GUI-CasualFantasy/ResourcesData/Sprites/Demo/Demo_Character/SampleCharacter_Knight02.png
  artifactKey: Guid(ea0d15c8ad5814d68ba5d1f53bae6247) Importer(815301076,1909f56bfc062723c751e8b465ee728b)
Start importing Assets/AddRes/Layer Lab/GUI-CasualFantasy/ResourcesData/Sprites/Demo/Demo_Character/SampleCharacter_Knight02.png using Guid(ea0d15c8ad5814d68ba5d1f53bae6247) Importer(815301076,1909f56bfc062723c751e8b465ee728b)  -> (artifact id: 'e68560bda7bc1c7edf1bbba8447e7301') in 0.022693 seconds 
========================================================================
Received Import Request.
  Time since last request: 0.883276 seconds.
  path: Assets/AddRes/Layer Lab/GUI-CasualFantasy/ResourcesData/Sprites/Demo/Demo_Character/SampleCharacter_Knight02_l.png
  artifactKey: Guid(ad747883118aa4aefa7808b037d4564a) Importer(815301076,1909f56bfc062723c751e8b465ee728b)
Start importing Assets/AddRes/Layer Lab/GUI-CasualFantasy/ResourcesData/Sprites/Demo/Demo_Character/SampleCharacter_Knight02_l.png using Guid(ad747883118aa4aefa7808b037d4564a) Importer(815301076,1909f56bfc062723c751e8b465ee728b)  -> (artifact id: 'c1d8767b4e3f69017e85218fe75fc262') in 0.044997 seconds 
========================================================================
Received Import Request.
  Time since last request: 0.430877 seconds.
  path: Assets/AddRes/Layer Lab/GUI-CasualFantasy/ResourcesData/Sprites/Demo/Demo_Character/SampleCharacter_Witch.png
  artifactKey: Guid(9f35db904975f48b9b6673de8a13d323) Importer(815301076,1909f56bfc062723c751e8b465ee728b)
Start importing Assets/AddRes/Layer Lab/GUI-CasualFantasy/ResourcesData/Sprites/Demo/Demo_Character/SampleCharacter_Witch.png using Guid(9f35db904975f48b9b6673de8a13d323) Importer(815301076,1909f56bfc062723c751e8b465ee728b)  -> (artifact id: '29b83cf7a1d388ad3313986ee5728bfa') in 0.021538 seconds 
========================================================================
Received Import Request.
  Time since last request: 1.937942 seconds.
  path: Assets/AddRes/Layer Lab/GUI-CasualFantasy/ResourcesData/Sprites/Demo/Demo_Image/Character_Shadow.png
  artifactKey: Guid(65889a1e50557420ca33281189bd9a1a) Importer(815301076,1909f56bfc062723c751e8b465ee728b)
Start importing Assets/AddRes/Layer Lab/GUI-CasualFantasy/ResourcesData/Sprites/Demo/Demo_Image/Character_Shadow.png using Guid(65889a1e50557420ca33281189bd9a1a) Importer(815301076,1909f56bfc062723c751e8b465ee728b)  -> (artifact id: 'fe743ec66927e6329fd234a83bcac8b0') in 0.014517 seconds 
========================================================================
Received Import Request.
  Time since last request: 1.187824 seconds.
  path: Assets/AddRes/Layer Lab/GUI-CasualFantasy/ResourcesData/Sprites/Demo/Demo_Image/Image_Crown.png
  artifactKey: Guid(551efa212a2c74c4cb9d0e7d709d6854) Importer(815301076,1909f56bfc062723c751e8b465ee728b)
Start importing Assets/AddRes/Layer Lab/GUI-CasualFantasy/ResourcesData/Sprites/Demo/Demo_Image/Image_Crown.png using Guid(551efa212a2c74c4cb9d0e7d709d6854) Importer(815301076,1909f56bfc062723c751e8b465ee728b)  -> (artifact id: 'd62446334e30212bc472b644cf4456d8') in 0.017670 seconds 
========================================================================
Received Import Request.
  Time since last request: 0.506306 seconds.
  path: Assets/AddRes/Layer Lab/GUI-CasualFantasy/ResourcesData/Sprites/Demo/Demo_Image/glow_bottom.png
  artifactKey: Guid(b85a4942cde264240833dc44a135dbb6) Importer(815301076,1909f56bfc062723c751e8b465ee728b)
Start importing Assets/AddRes/Layer Lab/GUI-CasualFantasy/ResourcesData/Sprites/Demo/Demo_Image/glow_bottom.png using Guid(b85a4942cde264240833dc44a135dbb6) Importer(815301076,1909f56bfc062723c751e8b465ee728b)  -> (artifact id: '5e86d0679910f8bf8f31f14c7e50dc57') in 0.012184 seconds 
========================================================================
Received Import Request.
  Time since last request: 0.422599 seconds.
  path: Assets/AddRes/Layer Lab/GUI-CasualFantasy/ResourcesData/Sprites/Demo/Demo_Image/Image_Deco01.png
  artifactKey: Guid(018a46600f63a409280e90ebe714cfa1) Importer(815301076,1909f56bfc062723c751e8b465ee728b)
Start importing Assets/AddRes/Layer Lab/GUI-CasualFantasy/ResourcesData/Sprites/Demo/Demo_Image/Image_Deco01.png using Guid(018a46600f63a409280e90ebe714cfa1) Importer(815301076,1909f56bfc062723c751e8b465ee728b)  -> (artifact id: '2c8c84fce80e240f82ee65700f1272b1') in 0.020415 seconds 
========================================================================
Received Import Request.
  Time since last request: 0.444238 seconds.
  path: Assets/AddRes/Layer Lab/GUI-CasualFantasy/ResourcesData/Sprites/Demo/Demo_Image/Image_Deco02.png
  artifactKey: Guid(7ff7ad1d6afaf4cfa8eadd087e170bb9) Importer(815301076,1909f56bfc062723c751e8b465ee728b)
Start importing Assets/AddRes/Layer Lab/GUI-CasualFantasy/ResourcesData/Sprites/Demo/Demo_Image/Image_Deco02.png using Guid(7ff7ad1d6afaf4cfa8eadd087e170bb9) Importer(815301076,1909f56bfc062723c751e8b465ee728b)  -> (artifact id: 'f0e3287968a4cebbf1207afad6d761b7') in 0.013141 seconds 
========================================================================
Received Import Request.
  Time since last request: 0.392448 seconds.
  path: Assets/AddRes/Layer Lab/GUI-CasualFantasy/ResourcesData/Sprites/Demo/Demo_Image/Image_Leaf.png
  artifactKey: Guid(c995eae70f2b346b08932f4758c1000c) Importer(815301076,1909f56bfc062723c751e8b465ee728b)
Start importing Assets/AddRes/Layer Lab/GUI-CasualFantasy/ResourcesData/Sprites/Demo/Demo_Image/Image_Leaf.png using Guid(c995eae70f2b346b08932f4758c1000c) Importer(815301076,1909f56bfc062723c751e8b465ee728b)  -> (artifact id: '7377b735784a4255a0006f4696af32ac') in 0.016140 seconds 
========================================================================
Received Import Request.
  Time since last request: 0.873618 seconds.
  path: Assets/AddRes/Layer Lab/GUI-CasualFantasy/ResourcesData/Sprites/Demo/Demo_Image/Image_Light.png
  artifactKey: Guid(eb17c23e3801d42a194930794a085559) Importer(815301076,1909f56bfc062723c751e8b465ee728b)
Start importing Assets/AddRes/Layer Lab/GUI-CasualFantasy/ResourcesData/Sprites/Demo/Demo_Image/Image_Light.png using Guid(eb17c23e3801d42a194930794a085559) Importer(815301076,1909f56bfc062723c751e8b465ee728b)  -> (artifact id: 'c403a0de878635d7b787feff2a5347da') in 0.021463 seconds 
========================================================================
Received Import Request.
  Time since last request: 19.255310 seconds.
  path: Assets/AddRes/Layer Lab/GUI-CasualFantasy/ResourcesData/Sprites/Components/Button/Button_SquareGradient156_Demo_Navy.png
  artifactKey: Guid(04e904225bd6b406b8778a3c751bcd91) Importer(815301076,1909f56bfc062723c751e8b465ee728b)
Start importing Assets/AddRes/Layer Lab/GUI-CasualFantasy/ResourcesData/Sprites/Components/Button/Button_SquareGradient156_Demo_Navy.png using Guid(04e904225bd6b406b8778a3c751bcd91) Importer(815301076,1909f56bfc062723c751e8b465ee728b)  -> (artifact id: '55e9be8cdd37b9d90d5cba1a3b9b8c40') in 0.013266 seconds 
========================================================================
Received Import Request.
  Time since last request: 3.450028 seconds.
  path: Assets/AddRes/Layer Lab/GUI-CasualFantasy/ResourcesData/Sprites/Components/Button/Button01_Demo_Teal.png
  artifactKey: Guid(949217e9c22e44fda92aff74ce0f24e3) Importer(815301076,1909f56bfc062723c751e8b465ee728b)
Start importing Assets/AddRes/Layer Lab/GUI-CasualFantasy/ResourcesData/Sprites/Components/Button/Button01_Demo_Teal.png using Guid(949217e9c22e44fda92aff74ce0f24e3) Importer(815301076,1909f56bfc062723c751e8b465ee728b)  -> (artifact id: '82be2fa02c89b7adaad8530be240483e') in 0.010426 seconds 
========================================================================
Received Import Request.
  Time since last request: 0.725496 seconds.
  path: Assets/AddRes/Layer Lab/GUI-CasualFantasy/ResourcesData/Sprites/Components/Button/Button01_Demo_Sky.png
  artifactKey: Guid(2f3c72c0068e1477cbb19ffa8a9f03dd) Importer(815301076,1909f56bfc062723c751e8b465ee728b)
Start importing Assets/AddRes/Layer Lab/GUI-CasualFantasy/ResourcesData/Sprites/Components/Button/Button01_Demo_Sky.png using Guid(2f3c72c0068e1477cbb19ffa8a9f03dd) Importer(815301076,1909f56bfc062723c751e8b465ee728b)  -> (artifact id: '4ccec504f65bc1d1775589a3f9686db7') in 0.011413 seconds 
========================================================================
Received Import Request.
  Time since last request: 0.529585 seconds.
  path: Assets/AddRes/Layer Lab/GUI-CasualFantasy/ResourcesData/Sprites/Components/Button/Button01_Demo_Rose.png
  artifactKey: Guid(e576588bb6dcf406d8daeea96eba0d62) Importer(815301076,1909f56bfc062723c751e8b465ee728b)
Start importing Assets/AddRes/Layer Lab/GUI-CasualFantasy/ResourcesData/Sprites/Components/Button/Button01_Demo_Rose.png using Guid(e576588bb6dcf406d8daeea96eba0d62) Importer(815301076,1909f56bfc062723c751e8b465ee728b)  -> (artifact id: '9ee1f3560fc15d86efa5b1f4260304fb') in 0.010358 seconds 
========================================================================
Received Import Request.
  Time since last request: 2.463917 seconds.
  path: Assets/AddRes/Layer Lab/GUI-CasualFantasy/ResourcesData/Sprites/Components/Button/Button01_Demo_Yellow.png
  artifactKey: Guid(40d10cf134e7d4b469ffd4f52cdcf21a) Importer(815301076,1909f56bfc062723c751e8b465ee728b)
Start importing Assets/AddRes/Layer Lab/GUI-CasualFantasy/ResourcesData/Sprites/Components/Button/Button01_Demo_Yellow.png using Guid(40d10cf134e7d4b469ffd4f52cdcf21a) Importer(815301076,1909f56bfc062723c751e8b465ee728b)  -> (artifact id: '21b61ed93eb2f9808ff92e285439539d') in 0.008757 seconds 
========================================================================
Received Import Request.
  Time since last request: 600.863235 seconds.
  path: Assets/AddRes/Layer Lab/GUI-CasualFantasy/Prefabs/Prefabs_Component_Buttons
  artifactKey: Guid(2f79aadc1b362477f81f7c747184a7a1) Importer(815301076,1909f56bfc062723c751e8b465ee728b)
Start importing Assets/AddRes/Layer Lab/GUI-CasualFantasy/Prefabs/Prefabs_Component_Buttons using Guid(2f79aadc1b362477f81f7c747184a7a1) Importer(815301076,1909f56bfc062723c751e8b465ee728b)  -> (artifact id: '1fc4de1b0f27ba5c9fcf6929002c8a9f') in 0.003008 seconds 
========================================================================
Received Import Request.
  Time since last request: 1.225000 seconds.
  path: Assets/AddRes/Layer Lab/GUI-CasualFantasy/Prefabs/Prefabs_Component_Buttons/_PrefabsPanel_Buttons.prefab
  artifactKey: Guid(40950b30915b346bf876213b5dfb3575) Importer(815301076,1909f56bfc062723c751e8b465ee728b)
Start importing Assets/AddRes/Layer Lab/GUI-CasualFantasy/Prefabs/Prefabs_Component_Buttons/_PrefabsPanel_Buttons.prefab using Guid(40950b30915b346bf876213b5dfb3575) Importer(815301076,1909f56bfc062723c751e8b465ee728b)  -> (artifact id: '5267edd90fc4562729bd714a69205a49') in 0.165315 seconds 
========================================================================
Received Import Request.
  Time since last request: 0.579730 seconds.
  path: Assets/AddRes/Layer Lab/GUI-CasualFantasy/Prefabs/Prefabs_Component_Buttons/Button01_Demo_Black.prefab
  artifactKey: Guid(02fd506e2f7c846988a8adac50082828) Importer(815301076,1909f56bfc062723c751e8b465ee728b)
Start importing Assets/AddRes/Layer Lab/GUI-CasualFantasy/Prefabs/Prefabs_Component_Buttons/Button01_Demo_Black.prefab using Guid(02fd506e2f7c846988a8adac50082828) Importer(815301076,1909f56bfc062723c751e8b465ee728b)  -> (artifact id: '23df860ac78b091c345765db78c4eb11') in 0.024912 seconds 
========================================================================
Received Import Request.
  Time since last request: 0.694493 seconds.
  path: Assets/AddRes/Layer Lab/GUI-CasualFantasy/Prefabs/Prefabs_Component_Buttons/Button01_Demo_DarkGray.prefab
  artifactKey: Guid(4fe1e71c3a72c4948aa31b567d24f41b) Importer(815301076,1909f56bfc062723c751e8b465ee728b)
Start importing Assets/AddRes/Layer Lab/GUI-CasualFantasy/Prefabs/Prefabs_Component_Buttons/Button01_Demo_DarkGray.prefab using Guid(4fe1e71c3a72c4948aa31b567d24f41b) Importer(815301076,1909f56bfc062723c751e8b465ee728b)  -> (artifact id: '3d2fb13dc0cdc3bea5c96b6d51756e8b') in 0.026138 seconds 
========================================================================
Received Prepare
Registering precompiled user dll's ...
Registered in 0.010133 seconds.
Begin MonoManager ReloadAssembly
Symbol file LoadedFromMemory doesn't match image D:\Work\shushu\shushujile\Library\PackageCache\com.unity.visualscripting@1.8.0\Editor\VisualScripting.Core\Dependencies\YamlDotNet\Unity.VisualScripting.YamlDotNet.dll
Symbol file LoadedFromMemory doesn't match image D:\Work\shushu\shushujile\Library\PackageCache\com.unity.visualscripting@1.8.0\Editor\VisualScripting.Core\Dependencies\DotNetZip\Unity.VisualScripting.IonicZip.dll
Native extension for WindowsStandalone target not found
Refreshing native plugins compatible for Editor in 1.14 ms, found 3 plugins.
Preloading 0 native plugins for Editor in 0.00 ms.
Mono: successfully reloaded assembly
- Completed reload, in  1.582 seconds
Domain Reload Profiling:
	ReloadAssembly (1583ms)
		BeginReloadAssembly (262ms)
			ExecutionOrderSort (0ms)
			DisableScriptedObjects (7ms)
			BackupInstance (0ms)
			ReleaseScriptingObjects (0ms)
			CreateAndSetChildDomain (74ms)
		EndReloadAssembly (1210ms)
			LoadAssemblies (159ms)
			RebuildTransferFunctionScriptingTraits (0ms)
			SetupTypeCache (457ms)
			ReleaseScriptCaches (2ms)
			RebuildScriptCaches (73ms)
			SetupLoadedEditorAssemblies (457ms)
				LogAssemblyErrors (0ms)
				InitializePlatformSupportModulesInManaged (7ms)
				SetLoadedEditorAssemblies (1ms)
				RefreshPlugins (1ms)
				BeforeProcessingInitializeOnLoad (104ms)
				ProcessInitializeOnLoadAttributes (294ms)
				ProcessInitializeOnLoadMethodAttributes (31ms)
				AfterProcessingInitializeOnLoad (19ms)
				EditorAssembliesLoaded (0ms)
			ExecutionOrderSort2 (0ms)
			AwakeInstancesAfterBackupRestoration (13ms)
Platform modules already initialized, skipping
Refreshing native plugins compatible for Editor in 3.77 ms, found 3 plugins.
Preloading 0 native plugins for Editor in 0.00 ms.
Unloading 3228 Unused Serialized files (Serialized files now loaded: 0)
Unloading 28 unused Assets / (0.6 MB). Loaded Objects now: 3784.
Memory consumption went from 121.2 MB to 120.5 MB.
Total: 7.650400 ms (FindLiveObjects: 0.524500 ms CreateObjectMapping: 0.495300 ms MarkObjects: 5.623800 ms  DeleteObjects: 1.005700 ms)

AssetImportParameters requested are different than current active one (requested -> active):
  custom:video-decoder-ogg-theora: a1e56fd34408186e4bbccfd4996cb3dc -> 
  custom:container-muxer-webm: aa71ff27fc2769a1b78a27578f13a17b -> 
  custom:container-demuxer-webm: 4f35f7cbe854078d1ac9338744f61a02 -> 
  custom:video-encoder-webm-vp8: eb34c28f22e8b96e1ab97ce403110664 -> 
  custom:CustomObjectIndexerAttribute: bc11b3a6c3213fcdd17b65e7da85e133 -> 
  custom:audio-encoder-webm-vorbis: bf7c407c2cedff20999df2af8eb42d56 -> 
  custom:framework-win-MediaFoundation: 216162199b28c13a410421893ffa2e32 -> 
  custom:container-demuxer-ogg: 62fdf1f143b41e24485cea50d1cbac27 -> 
  custom:video-decoder-webm-vp8: 9c59270c3fd7afecdb556c50c9e8de78 -> 
  custom:audio-decoder-ogg-vorbis: bf7c407c2cedff20999df2af8eb42d56 -> 
========================================================================
Received Import Request.
  Time since last request: 66.432468 seconds.
  path: Assets/AddRes/Layer Lab/GUI-CasualFantasy/ResourcesData/Fonts/TMP_TiltWarp.asset
  artifactKey: Guid(e1980d03e94584c2b8bf7986c994fd3a) Importer(815301076,1909f56bfc062723c751e8b465ee728b)
Start importing Assets/AddRes/Layer Lab/GUI-CasualFantasy/ResourcesData/Fonts/TMP_TiltWarp.asset using Guid(e1980d03e94584c2b8bf7986c994fd3a) Importer(815301076,1909f56bfc062723c751e8b465ee728b)  -> (artifact id: 'd32f1325a0ad184caeb72d82a648fbcc') in 0.252063 seconds 
========================================================================
Received Import Request.
  Time since last request: 0.278863 seconds.
  path: Assets/AddRes/Layer Lab/GUI-CasualFantasy/ResourcesData/Fonts/TMP_TiltWarp_Outline.asset
  artifactKey: Guid(ca247a3092b7b404dbaa6f4ab43e450c) Importer(815301076,1909f56bfc062723c751e8b465ee728b)
Start importing Assets/AddRes/Layer Lab/GUI-CasualFantasy/ResourcesData/Fonts/TMP_TiltWarp_Outline.asset using Guid(ca247a3092b7b404dbaa6f4ab43e450c) Importer(815301076,1909f56bfc062723c751e8b465ee728b)  -> (artifact id: 'bb518ab65f390fc08f2219fff0680e7e') in 0.079058 seconds 
========================================================================
Received Prepare
Registering precompiled user dll's ...
Registered in 0.011254 seconds.
Begin MonoManager ReloadAssembly
Symbol file LoadedFromMemory doesn't match image D:\Work\shushu\shushujile\Library\PackageCache\com.unity.visualscripting@1.8.0\Editor\VisualScripting.Core\Dependencies\YamlDotNet\Unity.VisualScripting.YamlDotNet.dll
Symbol file LoadedFromMemory doesn't match image D:\Work\shushu\shushujile\Library\PackageCache\com.unity.visualscripting@1.8.0\Editor\VisualScripting.Core\Dependencies\DotNetZip\Unity.VisualScripting.IonicZip.dll
Native extension for WindowsStandalone target not found
Refreshing native plugins compatible for Editor in 0.82 ms, found 3 plugins.
Preloading 0 native plugins for Editor in 0.00 ms.
Mono: successfully reloaded assembly
- Completed reload, in  1.241 seconds
Domain Reload Profiling:
	ReloadAssembly (1242ms)
		BeginReloadAssembly (197ms)
			ExecutionOrderSort (0ms)
			DisableScriptedObjects (5ms)
			BackupInstance (0ms)
			ReleaseScriptingObjects (0ms)
			CreateAndSetChildDomain (42ms)
		EndReloadAssembly (920ms)
			LoadAssemblies (151ms)
			RebuildTransferFunctionScriptingTraits (0ms)
			SetupTypeCache (317ms)
			ReleaseScriptCaches (1ms)
			RebuildScriptCaches (48ms)
			SetupLoadedEditorAssemblies (368ms)
				LogAssemblyErrors (0ms)
				InitializePlatformSupportModulesInManaged (8ms)
				SetLoadedEditorAssemblies (1ms)
				RefreshPlugins (1ms)
				BeforeProcessingInitializeOnLoad (99ms)
				ProcessInitializeOnLoadAttributes (224ms)
				ProcessInitializeOnLoadMethodAttributes (21ms)
				AfterProcessingInitializeOnLoad (15ms)
				EditorAssembliesLoaded (0ms)
			ExecutionOrderSort2 (0ms)
			AwakeInstancesAfterBackupRestoration (9ms)
Platform modules already initialized, skipping
Refreshing native plugins compatible for Editor in 2.70 ms, found 3 plugins.
Preloading 0 native plugins for Editor in 0.00 ms.
Unloading 3230 Unused Serialized files (Serialized files now loaded: 0)
Unloading 27 unused Assets / (0.6 MB). Loaded Objects now: 3829.
Memory consumption went from 121.5 MB to 121.0 MB.
Total: 4.010400 ms (FindLiveObjects: 0.315800 ms CreateObjectMapping: 0.155600 ms MarkObjects: 3.163900 ms  DeleteObjects: 0.374200 ms)

AssetImportParameters requested are different than current active one (requested -> active):
  custom:video-decoder-ogg-theora: a1e56fd34408186e4bbccfd4996cb3dc -> 
  custom:container-muxer-webm: aa71ff27fc2769a1b78a27578f13a17b -> 
  custom:container-demuxer-webm: 4f35f7cbe854078d1ac9338744f61a02 -> 
  custom:video-encoder-webm-vp8: eb34c28f22e8b96e1ab97ce403110664 -> 
  custom:CustomObjectIndexerAttribute: bc11b3a6c3213fcdd17b65e7da85e133 -> 
  custom:audio-encoder-webm-vorbis: bf7c407c2cedff20999df2af8eb42d56 -> 
  custom:framework-win-MediaFoundation: 216162199b28c13a410421893ffa2e32 -> 
  custom:container-demuxer-ogg: 62fdf1f143b41e24485cea50d1cbac27 -> 
  custom:video-decoder-webm-vp8: 9c59270c3fd7afecdb556c50c9e8de78 -> 
  custom:audio-decoder-ogg-vorbis: bf7c407c2cedff20999df2af8eb42d56 -> 
========================================================================
Received Import Request.
  Time since last request: 416.944689 seconds.
  path: Assets/Scripts/LoginUI.cs
  artifactKey: Guid(617e34901820a8e4eae67fc454145a55) Importer(815301076,1909f56bfc062723c751e8b465ee728b)
Start importing Assets/Scripts/LoginUI.cs using Guid(617e34901820a8e4eae67fc454145a55) Importer(815301076,1909f56bfc062723c751e8b465ee728b)  -> (artifact id: 'c5c2d44ced4618110838a94649ff8069') in 0.023752 seconds 
========================================================================
Received Prepare
Registering precompiled user dll's ...
Registered in 0.014167 seconds.
Begin MonoManager ReloadAssembly
Symbol file LoadedFromMemory doesn't match image D:\Work\shushu\shushujile\Library\PackageCache\com.unity.visualscripting@1.8.0\Editor\VisualScripting.Core\Dependencies\YamlDotNet\Unity.VisualScripting.YamlDotNet.dll
Symbol file LoadedFromMemory doesn't match image D:\Work\shushu\shushujile\Library\PackageCache\com.unity.visualscripting@1.8.0\Editor\VisualScripting.Core\Dependencies\DotNetZip\Unity.VisualScripting.IonicZip.dll
Native extension for WindowsStandalone target not found
Refreshing native plugins compatible for Editor in 2.04 ms, found 3 plugins.
Preloading 0 native plugins for Editor in 0.00 ms.
Mono: successfully reloaded assembly
- Completed reload, in  1.324 seconds
Domain Reload Profiling:
	ReloadAssembly (1325ms)
		BeginReloadAssembly (188ms)
			ExecutionOrderSort (0ms)
			DisableScriptedObjects (7ms)
			BackupInstance (0ms)
			ReleaseScriptingObjects (0ms)
			CreateAndSetChildDomain (36ms)
		EndReloadAssembly (1005ms)
			LoadAssemblies (154ms)
			RebuildTransferFunctionScriptingTraits (0ms)
			SetupTypeCache (329ms)
			ReleaseScriptCaches (2ms)
			RebuildScriptCaches (49ms)
			SetupLoadedEditorAssemblies (446ms)
				LogAssemblyErrors (0ms)
				InitializePlatformSupportModulesInManaged (5ms)
				SetLoadedEditorAssemblies (0ms)
				RefreshPlugins (2ms)
				BeforeProcessingInitializeOnLoad (81ms)
				ProcessInitializeOnLoadAttributes (302ms)
				ProcessInitializeOnLoadMethodAttributes (33ms)
				AfterProcessingInitializeOnLoad (22ms)
				EditorAssembliesLoaded (0ms)
			ExecutionOrderSort2 (0ms)
			AwakeInstancesAfterBackupRestoration (12ms)
Platform modules already initialized, skipping
Refreshing native plugins compatible for Editor in 2.78 ms, found 3 plugins.
Preloading 0 native plugins for Editor in 0.00 ms.
Unloading 3230 Unused Serialized files (Serialized files now loaded: 0)
Unloading 27 unused Assets / (0.6 MB). Loaded Objects now: 3833.
Memory consumption went from 121.5 MB to 120.9 MB.
Total: 2.919000 ms (FindLiveObjects: 0.253900 ms CreateObjectMapping: 0.155300 ms MarkObjects: 2.248200 ms  DeleteObjects: 0.260700 ms)

AssetImportParameters requested are different than current active one (requested -> active):
  custom:video-decoder-ogg-theora: a1e56fd34408186e4bbccfd4996cb3dc -> 
  custom:container-muxer-webm: aa71ff27fc2769a1b78a27578f13a17b -> 
  custom:container-demuxer-webm: 4f35f7cbe854078d1ac9338744f61a02 -> 
  custom:video-encoder-webm-vp8: eb34c28f22e8b96e1ab97ce403110664 -> 
  custom:CustomObjectIndexerAttribute: bc11b3a6c3213fcdd17b65e7da85e133 -> 
  custom:audio-encoder-webm-vorbis: bf7c407c2cedff20999df2af8eb42d56 -> 
  custom:framework-win-MediaFoundation: 216162199b28c13a410421893ffa2e32 -> 
  custom:container-demuxer-ogg: 62fdf1f143b41e24485cea50d1cbac27 -> 
  custom:video-decoder-webm-vp8: 9c59270c3fd7afecdb556c50c9e8de78 -> 
  custom:audio-decoder-ogg-vorbis: bf7c407c2cedff20999df2af8eb42d56 -> 
========================================================================
Received Import Request.
  Time since last request: 20.529699 seconds.
  path: Assets/Scripts/LoginUIPanel
  artifactKey: Guid(99bf74588e61ff04eb5d5de28595f94b) Importer(815301076,1909f56bfc062723c751e8b465ee728b)
Start importing Assets/Scripts/LoginUIPanel using Guid(99bf74588e61ff04eb5d5de28595f94b) Importer(815301076,1909f56bfc062723c751e8b465ee728b)  -> (artifact id: '9e5c00d985b30e3d5ec9501aa7692274') in 0.013395 seconds 
========================================================================
Received Prepare
Registering precompiled user dll's ...
Registered in 0.010231 seconds.
Begin MonoManager ReloadAssembly
Symbol file LoadedFromMemory doesn't match image D:\Work\shushu\shushujile\Library\PackageCache\com.unity.visualscripting@1.8.0\Editor\VisualScripting.Core\Dependencies\YamlDotNet\Unity.VisualScripting.YamlDotNet.dll
Symbol file LoadedFromMemory doesn't match image D:\Work\shushu\shushujile\Library\PackageCache\com.unity.visualscripting@1.8.0\Editor\VisualScripting.Core\Dependencies\DotNetZip\Unity.VisualScripting.IonicZip.dll
Native extension for WindowsStandalone target not found
Refreshing native plugins compatible for Editor in 0.97 ms, found 3 plugins.
Preloading 0 native plugins for Editor in 0.00 ms.
Mono: successfully reloaded assembly
- Completed reload, in  1.480 seconds
Domain Reload Profiling:
	ReloadAssembly (1481ms)
		BeginReloadAssembly (204ms)
			ExecutionOrderSort (0ms)
			DisableScriptedObjects (6ms)
			BackupInstance (0ms)
			ReleaseScriptingObjects (0ms)
			CreateAndSetChildDomain (39ms)
		EndReloadAssembly (1143ms)
			LoadAssemblies (166ms)
			RebuildTransferFunctionScriptingTraits (0ms)
			SetupTypeCache (389ms)
			ReleaseScriptCaches (4ms)
			RebuildScriptCaches (102ms)
			SetupLoadedEditorAssemblies (425ms)
				LogAssemblyErrors (0ms)
				InitializePlatformSupportModulesInManaged (8ms)
				SetLoadedEditorAssemblies (1ms)
				RefreshPlugins (1ms)
				BeforeProcessingInitializeOnLoad (95ms)
				ProcessInitializeOnLoadAttributes (277ms)
				ProcessInitializeOnLoadMethodAttributes (27ms)
				AfterProcessingInitializeOnLoad (16ms)
				EditorAssembliesLoaded (0ms)
			ExecutionOrderSort2 (0ms)
			AwakeInstancesAfterBackupRestoration (9ms)
Platform modules already initialized, skipping
Refreshing native plugins compatible for Editor in 2.78 ms, found 3 plugins.
Preloading 0 native plugins for Editor in 0.00 ms.
Unloading 3230 Unused Serialized files (Serialized files now loaded: 0)
Unloading 27 unused Assets / (0.6 MB). Loaded Objects now: 3836.
Memory consumption went from 121.5 MB to 120.9 MB.
Total: 3.937200 ms (FindLiveObjects: 0.407400 ms CreateObjectMapping: 0.359300 ms MarkObjects: 2.809400 ms  DeleteObjects: 0.359700 ms)

AssetImportParameters requested are different than current active one (requested -> active):
  custom:video-decoder-ogg-theora: a1e56fd34408186e4bbccfd4996cb3dc -> 
  custom:container-muxer-webm: aa71ff27fc2769a1b78a27578f13a17b -> 
  custom:container-demuxer-webm: 4f35f7cbe854078d1ac9338744f61a02 -> 
  custom:video-encoder-webm-vp8: eb34c28f22e8b96e1ab97ce403110664 -> 
  custom:CustomObjectIndexerAttribute: bc11b3a6c3213fcdd17b65e7da85e133 -> 
  custom:audio-encoder-webm-vorbis: bf7c407c2cedff20999df2af8eb42d56 -> 
  custom:framework-win-MediaFoundation: 216162199b28c13a410421893ffa2e32 -> 
  custom:container-demuxer-ogg: 62fdf1f143b41e24485cea50d1cbac27 -> 
  custom:video-decoder-webm-vp8: 9c59270c3fd7afecdb556c50c9e8de78 -> 
  custom:audio-decoder-ogg-vorbis: bf7c407c2cedff20999df2af8eb42d56 -> 
========================================================================
Received Prepare
Registering precompiled user dll's ...
Registered in 0.018545 seconds.
Begin MonoManager ReloadAssembly
Symbol file LoadedFromMemory doesn't match image D:\Work\shushu\shushujile\Library\PackageCache\com.unity.visualscripting@1.8.0\Editor\VisualScripting.Core\Dependencies\YamlDotNet\Unity.VisualScripting.YamlDotNet.dll
Symbol file LoadedFromMemory doesn't match image D:\Work\shushu\shushujile\Library\PackageCache\com.unity.visualscripting@1.8.0\Editor\VisualScripting.Core\Dependencies\DotNetZip\Unity.VisualScripting.IonicZip.dll
Native extension for WindowsStandalone target not found
Refreshing native plugins compatible for Editor in 0.70 ms, found 3 plugins.
Preloading 0 native plugins for Editor in 0.00 ms.
Mono: successfully reloaded assembly
- Completed reload, in  1.250 seconds
Domain Reload Profiling:
	ReloadAssembly (1251ms)
		BeginReloadAssembly (227ms)
			ExecutionOrderSort (0ms)
			DisableScriptedObjects (8ms)
			BackupInstance (0ms)
			ReleaseScriptingObjects (0ms)
			CreateAndSetChildDomain (45ms)
		EndReloadAssembly (890ms)
			LoadAssemblies (163ms)
			RebuildTransferFunctionScriptingTraits (0ms)
			SetupTypeCache (322ms)
			ReleaseScriptCaches (1ms)
			RebuildScriptCaches (61ms)
			SetupLoadedEditorAssemblies (322ms)
				LogAssemblyErrors (0ms)
				InitializePlatformSupportModulesInManaged (8ms)
				SetLoadedEditorAssemblies (1ms)
				RefreshPlugins (1ms)
				BeforeProcessingInitializeOnLoad (69ms)
				ProcessInitializeOnLoadAttributes (206ms)
				ProcessInitializeOnLoadMethodAttributes (20ms)
				AfterProcessingInitializeOnLoad (17ms)
				EditorAssembliesLoaded (0ms)
			ExecutionOrderSort2 (0ms)
			AwakeInstancesAfterBackupRestoration (8ms)
Platform modules already initialized, skipping
Refreshing native plugins compatible for Editor in 3.37 ms, found 3 plugins.
Preloading 0 native plugins for Editor in 0.00 ms.
Unloading 3230 Unused Serialized files (Serialized files now loaded: 0)
Unloading 27 unused Assets / (0.6 MB). Loaded Objects now: 3839.
Memory consumption went from 121.5 MB to 120.9 MB.
Total: 4.736600 ms (FindLiveObjects: 0.661600 ms CreateObjectMapping: 0.876600 ms MarkObjects: 2.725000 ms  DeleteObjects: 0.472300 ms)

AssetImportParameters requested are different than current active one (requested -> active):
  custom:video-decoder-ogg-theora: a1e56fd34408186e4bbccfd4996cb3dc -> 
  custom:container-muxer-webm: aa71ff27fc2769a1b78a27578f13a17b -> 
  custom:container-demuxer-webm: 4f35f7cbe854078d1ac9338744f61a02 -> 
  custom:video-encoder-webm-vp8: eb34c28f22e8b96e1ab97ce403110664 -> 
  custom:CustomObjectIndexerAttribute: bc11b3a6c3213fcdd17b65e7da85e133 -> 
  custom:audio-encoder-webm-vorbis: bf7c407c2cedff20999df2af8eb42d56 -> 
  custom:framework-win-MediaFoundation: 216162199b28c13a410421893ffa2e32 -> 
  custom:container-demuxer-ogg: 62fdf1f143b41e24485cea50d1cbac27 -> 
  custom:video-decoder-webm-vp8: 9c59270c3fd7afecdb556c50c9e8de78 -> 
  custom:audio-decoder-ogg-vorbis: bf7c407c2cedff20999df2af8eb42d56 -> 
========================================================================
Received Prepare
Registering precompiled user dll's ...
Registered in 0.010961 seconds.
Begin MonoManager ReloadAssembly
Symbol file LoadedFromMemory doesn't match image D:\Work\shushu\shushujile\Library\PackageCache\com.unity.visualscripting@1.8.0\Editor\VisualScripting.Core\Dependencies\YamlDotNet\Unity.VisualScripting.YamlDotNet.dll
Symbol file LoadedFromMemory doesn't match image D:\Work\shushu\shushujile\Library\PackageCache\com.unity.visualscripting@1.8.0\Editor\VisualScripting.Core\Dependencies\DotNetZip\Unity.VisualScripting.IonicZip.dll
Native extension for WindowsStandalone target not found
Refreshing native plugins compatible for Editor in 2.29 ms, found 3 plugins.
Preloading 0 native plugins for Editor in 0.00 ms.
Mono: successfully reloaded assembly
- Completed reload, in  1.452 seconds
Domain Reload Profiling:
	ReloadAssembly (1453ms)
		BeginReloadAssembly (214ms)
			ExecutionOrderSort (0ms)
			DisableScriptedObjects (6ms)
			BackupInstance (0ms)
			ReleaseScriptingObjects (0ms)
			CreateAndSetChildDomain (44ms)
		EndReloadAssembly (1100ms)
			LoadAssemblies (150ms)
			RebuildTransferFunctionScriptingTraits (0ms)
			SetupTypeCache (333ms)
			ReleaseScriptCaches (2ms)
			RebuildScriptCaches (81ms)
			SetupLoadedEditorAssemblies (467ms)
				LogAssemblyErrors (0ms)
				InitializePlatformSupportModulesInManaged (7ms)
				SetLoadedEditorAssemblies (1ms)
				RefreshPlugins (3ms)
				BeforeProcessingInitializeOnLoad (102ms)
				ProcessInitializeOnLoadAttributes (299ms)
				ProcessInitializeOnLoadMethodAttributes (35ms)
				AfterProcessingInitializeOnLoad (21ms)
				EditorAssembliesLoaded (1ms)
			ExecutionOrderSort2 (0ms)
			AwakeInstancesAfterBackupRestoration (11ms)
Platform modules already initialized, skipping
Refreshing native plugins compatible for Editor in 4.48 ms, found 3 plugins.
Preloading 0 native plugins for Editor in 0.00 ms.
Unloading 3230 Unused Serialized files (Serialized files now loaded: 0)
Unloading 27 unused Assets / (0.6 MB). Loaded Objects now: 3842.
Memory consumption went from 121.5 MB to 120.9 MB.
Total: 5.732800 ms (FindLiveObjects: 0.961400 ms CreateObjectMapping: 0.955900 ms MarkObjects: 3.334300 ms  DeleteObjects: 0.479900 ms)

AssetImportParameters requested are different than current active one (requested -> active):
  custom:video-decoder-ogg-theora: a1e56fd34408186e4bbccfd4996cb3dc -> 
  custom:container-muxer-webm: aa71ff27fc2769a1b78a27578f13a17b -> 
  custom:container-demuxer-webm: 4f35f7cbe854078d1ac9338744f61a02 -> 
  custom:video-encoder-webm-vp8: eb34c28f22e8b96e1ab97ce403110664 -> 
  custom:CustomObjectIndexerAttribute: bc11b3a6c3213fcdd17b65e7da85e133 -> 
  custom:audio-encoder-webm-vorbis: bf7c407c2cedff20999df2af8eb42d56 -> 
  custom:framework-win-MediaFoundation: 216162199b28c13a410421893ffa2e32 -> 
  custom:container-demuxer-ogg: 62fdf1f143b41e24485cea50d1cbac27 -> 
  custom:video-decoder-webm-vp8: 9c59270c3fd7afecdb556c50c9e8de78 -> 
  custom:audio-decoder-ogg-vorbis: bf7c407c2cedff20999df2af8eb42d56 -> 
